<?xml version="1.0" encoding="UTF-8"?>
<!-- Generated by org.testng.reporters.JUnitReportReporter -->
<testsuite hostname="Jerome" failures="0" tests="1" name="sprint1.S653CreateLeadforCampaign" time="82.509" errors="0" timestamp="2024-10-20T17:01:18 IST" skipped="0">
  <testcase classname="sprint1.S653CreateLeadforCampaign" name="createLeadforCanpaign" time="82.509"/>
  <system-out/>
</testsuite> <!-- sprint1.S653CreateLeadforCampaign -->
